<?xml version="1.0" encoding="UTF-8"?>
<!-- Generated by org.testng.reporters.JUnitReportReporter -->
<testsuite hostname="SUBHARAJAT" failures="0" tests="4" name="tests.Negative_Test_Cases" time="0.179" errors="0" timestamp="2024-03-03T20:09:53 CET" skipped="0">
  <testcase classname="tests.Negative_Test_Cases" name="enterAnEmptyTask" time="0.038"/>
  <system-out/>
  <testcase classname="tests.Negative_Test_Cases" name="enterTasklessThanMinAllowedChar" time="0.068"/>
  <system-out/>
  <testcase classname="tests.Negative_Test_Cases" name="verifyCompletedTasksInActiveTaskList" time="0.065"/>
  <system-out/>
  <testcase classname="tests.Negative_Test_Cases" name="VerifyActiveTasksInCompletedTaskList" time="0.008"/>
  <system-out/>
</testsuite> <!-- tests.Negative_Test_Cases -->
