<?xml version="1.0" encoding="UTF-8"?>
<!-- Generated by org.testng.reporters.JUnitReportReporter -->
<testsuite hostname="SUBHARAJAT" failures="0" tests="5" name="tests.Positive_Test_Cases" time="0.897" errors="0" timestamp="2024-03-03T20:09:53 CET" skipped="0">
  <testcase classname="tests.Positive_Test_Cases" name="createANewTask" time="0.134"/>
  <system-out/>
  <testcase classname="tests.Positive_Test_Cases" name="editExistingTask" time="0.252"/>
  <system-out/>
  <testcase classname="tests.Positive_Test_Cases" name="MarkSingleTaskCompleted" time="0.253"/>
  <system-out/>
  <testcase classname="tests.Positive_Test_Cases" name="MarkALLTaskCompleted" time="0.063"/>
  <system-out/>
  <testcase classname="tests.Positive_Test_Cases" name="DeleteATask" time="0.195"/>
  <system-out/>
</testsuite> <!-- tests.Positive_Test_Cases -->
