<?xml version="1.0" encoding="UTF-8"?>
<!-- Generated by org.testng.reporters.JUnitReportReporter -->
<testsuite hostname="SUBHARAJAT" failures="0" tests="5" name="tests.Positive_Create_A_New_Task" time="0.694" errors="0" timestamp="2024-03-03T19:05:42 CET" skipped="0">
  <testcase classname="tests.Positive_Create_A_New_Task" name="createANewTask" time="0.119"/>
  <system-out/>
  <testcase classname="tests.Positive_Create_A_New_Task" name="editExistingTask" time="0.192"/>
  <system-out/>
  <testcase classname="tests.Positive_Create_A_New_Task" name="MarkSingleTaskCompleted" time="0.171"/>
  <system-out/>
  <testcase classname="tests.Positive_Create_A_New_Task" name="MarkALLTaskCompleted" time="0.031"/>
  <system-out/>
  <testcase classname="tests.Positive_Create_A_New_Task" name="DeleteATask" time="0.181"/>
  <system-out/>
</testsuite> <!-- tests.Positive_Create_A_New_Task -->
