<?xml version="1.0" encoding="UTF-8"?>
<!-- Generated by org.testng.reporters.JUnitReportReporter -->
<testsuite hostname="SUBHARAJAT" failures="0" tests="4" name="tests.Negative_Test_Cases" time="0.167" errors="0" timestamp="2024-03-03T23:25:08 CET" skipped="0">
  <testcase classname="tests.Negative_Test_Cases" name="enterAnEmptyTask" time="0.025"/>
  <testcase classname="tests.Negative_Test_Cases" name="enterTasklessThanMinAllowedChar" time="0.071"/>
  <testcase classname="tests.Negative_Test_Cases" name="verifyCompletedTasksInActiveTaskList" time="0.060"/>
  <testcase classname="tests.Negative_Test_Cases" name="VerifyActiveTasksInCompletedTaskList" time="0.011"/>
</testsuite> <!-- tests.Negative_Test_Cases -->
