<?xml version="1.0" encoding="UTF-8"?>
<!-- Generated by org.testng.reporters.JUnitReportReporter -->
<testsuite hostname="SUBHARAJAT" failures="0" tests="5" name="tests.Positive_Test_Cases" time="0.725" errors="0" timestamp="2024-03-03T23:25:08 CET" skipped="0">
  <testcase classname="tests.Positive_Test_Cases" name="createANewTask" time="0.125"/>
  <testcase classname="tests.Positive_Test_Cases" name="editExistingTask" time="0.194"/>
  <testcase classname="tests.Positive_Test_Cases" name="MarkSingleTaskCompleted" time="0.180"/>
  <testcase classname="tests.Positive_Test_Cases" name="MarkALLTaskCompleted" time="0.035"/>
  <testcase classname="tests.Positive_Test_Cases" name="DeleteATask" time="0.191"/>
</testsuite> <!-- tests.Positive_Test_Cases -->
